<?xml version="1.0" encoding="UTF-8"?>
<testsuite name="com.example.glyphpomodorotimer.ExampleUnitTest" tests="1" skipped="0" failures="0" errors="0" timestamp="2025-07-23T04:09:01.357Z" hostname="PARADOX" time="0.005">
  <properties/>
  <testcase name="addition_isCorrect" classname="com.example.glyphpomodorotimer.ExampleUnitTest" time="0.005"/>
  <system-out><![CDATA[]]></system-out>
  <system-err><![CDATA[]]></system-err>
</testsuite>
